[1.209s] DEBUG:colcon:Command line arguments: ['/usr/bin/colcon', 'build', '--packages-select', 'py_ard']
[1.209s] DEBUG:colcon:Parsed command line arguments: Namespace(log_base=None, log_level=None, verb_name='build', build_base='build', install_base='install', merge_install=False, symlink_install=False, test_result_base=None, continue_on_error=False, executor='parallel', parallel_workers=12, event_handlers=None, ignore_user_meta=False, metas=['./colcon.meta'], base_paths=['.'], packages_ignore=None, packages_ignore_regex=None, paths=None, packages_up_to=None, packages_up_to_regex=None, packages_above=None, packages_above_and_dependencies=None, packages_above_depth=None, packages_select_by_dep=None, packages_skip_by_dep=None, packages_skip_up_to=None, packages_select_build_failed=False, packages_skip_build_finished=False, packages_select_test_failures=False, packages_skip_test_passed=False, packages_select=['py_ard'], packages_skip=None, packages_select_regex=None, packages_skip_regex=None, packages_start=None, packages_end=None, allow_overriding=[], cmake_args=None, cmake_target=None, cmake_target_skip_unavailable=False, cmake_clean_cache=False, cmake_clean_first=False, cmake_force_configure=False, ament_cmake_args=None, catkin_cmake_args=None, catkin_skip_building_tests=False, verb_parser=<colcon_defaults.argument_parser.defaults.DefaultArgumentsDecorator object at 0x7f946a5af220>, verb_extension=<colcon_core.verb.build.BuildVerb object at 0x7f946a823340>, main=<bound method BuildVerb.main of <colcon_core.verb.build.BuildVerb object at 0x7f946a823340>>)
[1.251s] Level 1:colcon.colcon_core.package_discovery:discover_packages(colcon_meta) check parameters
[1.251s] Level 1:colcon.colcon_core.package_discovery:discover_packages(recursive) check parameters
[1.251s] Level 1:colcon.colcon_core.package_discovery:discover_packages(ignore) check parameters
[1.251s] Level 1:colcon.colcon_core.package_discovery:discover_packages(path) check parameters
[1.251s] Level 1:colcon.colcon_core.package_discovery:discover_packages(colcon_meta) discover
[1.252s] Level 1:colcon.colcon_core.package_discovery:discover_packages(recursive) discover
[1.252s] INFO:colcon.colcon_core.package_discovery:Crawling recursively for packages in '/home/hay-laptop/ros2_ws/src'
[1.252s] Level 1:colcon.colcon_core.package_identification:_identify(.) by extensions ['ignore', 'ignore_ament_install']
[1.252s] Level 1:colcon.colcon_core.package_identification:_identify(.) by extension 'ignore'
[1.252s] Level 1:colcon.colcon_core.package_identification:_identify(.) by extension 'ignore_ament_install'
[1.252s] Level 1:colcon.colcon_core.package_identification:_identify(.) by extensions ['colcon_pkg']
[1.252s] Level 1:colcon.colcon_core.package_identification:_identify(.) by extension 'colcon_pkg'
[1.252s] Level 1:colcon.colcon_core.package_identification:_identify(.) by extensions ['colcon_meta']
[1.252s] Level 1:colcon.colcon_core.package_identification:_identify(.) by extension 'colcon_meta'
[1.252s] Level 1:colcon.colcon_core.package_identification:_identify(.) by extensions ['ros']
[1.252s] Level 1:colcon.colcon_core.package_identification:_identify(.) by extension 'ros'
[1.261s] Level 1:colcon.colcon_core.package_identification:_identify(.) by extensions ['cmake', 'python']
[1.261s] Level 1:colcon.colcon_core.package_identification:_identify(.) by extension 'cmake'
[1.261s] Level 1:colcon.colcon_core.package_identification:_identify(.) by extension 'python'
[1.261s] Level 1:colcon.colcon_core.package_identification:_identify(.) by extensions ['python_setup_py']
[1.261s] Level 1:colcon.colcon_core.package_identification:_identify(.) by extension 'python_setup_py'
[1.261s] Level 1:colcon.colcon_core.package_identification:_identify(Arduino) by extensions ['ignore', 'ignore_ament_install']
[1.261s] Level 1:colcon.colcon_core.package_identification:_identify(Arduino) by extension 'ignore'
[1.261s] Level 1:colcon.colcon_core.package_identification:_identify(Arduino) ignored
[1.261s] Level 1:colcon.colcon_core.package_identification:_identify(LARI_urdf) by extensions ['ignore', 'ignore_ament_install']
[1.261s] Level 1:colcon.colcon_core.package_identification:_identify(LARI_urdf) by extension 'ignore'
[1.261s] Level 1:colcon.colcon_core.package_identification:_identify(LARI_urdf) by extension 'ignore_ament_install'
[1.261s] Level 1:colcon.colcon_core.package_identification:_identify(LARI_urdf) by extensions ['colcon_pkg']
[1.261s] Level 1:colcon.colcon_core.package_identification:_identify(LARI_urdf) by extension 'colcon_pkg'
[1.261s] Level 1:colcon.colcon_core.package_identification:_identify(LARI_urdf) by extensions ['colcon_meta']
[1.261s] Level 1:colcon.colcon_core.package_identification:_identify(LARI_urdf) by extension 'colcon_meta'
[1.261s] Level 1:colcon.colcon_core.package_identification:_identify(LARI_urdf) by extensions ['ros']
[1.261s] Level 1:colcon.colcon_core.package_identification:_identify(LARI_urdf) by extension 'ros'
[1.263s] DEBUG:colcon.colcon_core.package_identification:Package 'LARI_urdf' with type 'ros.ament_cmake' and name 'LARI_urdf'
[1.264s] Level 1:colcon.colcon_core.package_identification:_identify(build) by extensions ['ignore', 'ignore_ament_install']
[1.264s] Level 1:colcon.colcon_core.package_identification:_identify(build) by extension 'ignore'
[1.264s] Level 1:colcon.colcon_core.package_identification:_identify(build) ignored
[1.264s] Level 1:colcon.colcon_core.package_identification:_identify(depthai-python) by extensions ['ignore', 'ignore_ament_install']
[1.264s] Level 1:colcon.colcon_core.package_identification:_identify(depthai-python) by extension 'ignore'
[1.264s] Level 1:colcon.colcon_core.package_identification:_identify(depthai-python) ignored
[1.264s] Level 1:colcon.colcon_core.package_identification:_identify(depthai-ros) by extensions ['ignore', 'ignore_ament_install']
[1.264s] Level 1:colcon.colcon_core.package_identification:_identify(depthai-ros) by extension 'ignore'
[1.264s] Level 1:colcon.colcon_core.package_identification:_identify(depthai-ros) by extension 'ignore_ament_install'
[1.264s] Level 1:colcon.colcon_core.package_identification:_identify(depthai-ros) by extensions ['colcon_pkg']
[1.264s] Level 1:colcon.colcon_core.package_identification:_identify(depthai-ros) by extension 'colcon_pkg'
[1.264s] Level 1:colcon.colcon_core.package_identification:_identify(depthai-ros) by extensions ['colcon_meta']
[1.264s] Level 1:colcon.colcon_core.package_identification:_identify(depthai-ros) by extension 'colcon_meta'
[1.264s] Level 1:colcon.colcon_core.package_identification:_identify(depthai-ros) by extensions ['ros']
[1.264s] Level 1:colcon.colcon_core.package_identification:_identify(depthai-ros) by extension 'ros'
[1.264s] Level 1:colcon.colcon_core.package_identification:_identify(depthai-ros) by extensions ['cmake', 'python']
[1.264s] Level 1:colcon.colcon_core.package_identification:_identify(depthai-ros) by extension 'cmake'
[1.264s] Level 1:colcon.colcon_core.package_identification:_identify(depthai-ros) by extension 'python'
[1.264s] Level 1:colcon.colcon_core.package_identification:_identify(depthai-ros) by extensions ['python_setup_py']
[1.264s] Level 1:colcon.colcon_core.package_identification:_identify(depthai-ros) by extension 'python_setup_py'
[1.265s] Level 1:colcon.colcon_core.package_identification:_identify(depthai-ros/depthai-ros) by extensions ['ignore', 'ignore_ament_install']
[1.265s] Level 1:colcon.colcon_core.package_identification:_identify(depthai-ros/depthai-ros) by extension 'ignore'
[1.265s] Level 1:colcon.colcon_core.package_identification:_identify(depthai-ros/depthai-ros) by extension 'ignore_ament_install'
[1.265s] Level 1:colcon.colcon_core.package_identification:_identify(depthai-ros/depthai-ros) by extensions ['colcon_pkg']
[1.265s] Level 1:colcon.colcon_core.package_identification:_identify(depthai-ros/depthai-ros) by extension 'colcon_pkg'
[1.265s] Level 1:colcon.colcon_core.package_identification:_identify(depthai-ros/depthai-ros) by extensions ['colcon_meta']
[1.265s] Level 1:colcon.colcon_core.package_identification:_identify(depthai-ros/depthai-ros) by extension 'colcon_meta'
[1.265s] Level 1:colcon.colcon_core.package_identification:_identify(depthai-ros/depthai-ros) by extensions ['ros']
[1.265s] Level 1:colcon.colcon_core.package_identification:_identify(depthai-ros/depthai-ros) by extension 'ros'
[1.265s] DEBUG:colcon.colcon_core.package_identification:Package 'depthai-ros/depthai-ros' with type 'ros.ament_cmake' and name 'depthai-ros'
[1.265s] Level 1:colcon.colcon_core.package_identification:_identify(depthai-ros/depthai_bridge) by extensions ['ignore', 'ignore_ament_install']
[1.265s] Level 1:colcon.colcon_core.package_identification:_identify(depthai-ros/depthai_bridge) by extension 'ignore'
[1.265s] Level 1:colcon.colcon_core.package_identification:_identify(depthai-ros/depthai_bridge) by extension 'ignore_ament_install'
[1.266s] Level 1:colcon.colcon_core.package_identification:_identify(depthai-ros/depthai_bridge) by extensions ['colcon_pkg']
[1.266s] Level 1:colcon.colcon_core.package_identification:_identify(depthai-ros/depthai_bridge) by extension 'colcon_pkg'
[1.266s] Level 1:colcon.colcon_core.package_identification:_identify(depthai-ros/depthai_bridge) by extensions ['colcon_meta']
[1.266s] Level 1:colcon.colcon_core.package_identification:_identify(depthai-ros/depthai_bridge) by extension 'colcon_meta'
[1.266s] Level 1:colcon.colcon_core.package_identification:_identify(depthai-ros/depthai_bridge) by extensions ['ros']
[1.266s] Level 1:colcon.colcon_core.package_identification:_identify(depthai-ros/depthai_bridge) by extension 'ros'
[1.267s] DEBUG:colcon.colcon_core.package_identification:Package 'depthai-ros/depthai_bridge' with type 'ros.ament_cmake' and name 'depthai_bridge'
[1.267s] Level 1:colcon.colcon_core.package_identification:_identify(depthai-ros/depthai_descriptions) by extensions ['ignore', 'ignore_ament_install']
[1.267s] Level 1:colcon.colcon_core.package_identification:_identify(depthai-ros/depthai_descriptions) by extension 'ignore'
[1.267s] Level 1:colcon.colcon_core.package_identification:_identify(depthai-ros/depthai_descriptions) by extension 'ignore_ament_install'
[1.267s] Level 1:colcon.colcon_core.package_identification:_identify(depthai-ros/depthai_descriptions) by extensions ['colcon_pkg']
[1.267s] Level 1:colcon.colcon_core.package_identification:_identify(depthai-ros/depthai_descriptions) by extension 'colcon_pkg'
[1.267s] Level 1:colcon.colcon_core.package_identification:_identify(depthai-ros/depthai_descriptions) by extensions ['colcon_meta']
[1.268s] Level 1:colcon.colcon_core.package_identification:_identify(depthai-ros/depthai_descriptions) by extension 'colcon_meta'
[1.268s] Level 1:colcon.colcon_core.package_identification:_identify(depthai-ros/depthai_descriptions) by extensions ['ros']
[1.268s] Level 1:colcon.colcon_core.package_identification:_identify(depthai-ros/depthai_descriptions) by extension 'ros'
[1.268s] DEBUG:colcon.colcon_core.package_identification:Package 'depthai-ros/depthai_descriptions' with type 'ros.ament_cmake' and name 'depthai_descriptions'
[1.268s] Level 1:colcon.colcon_core.package_identification:_identify(depthai-ros/depthai_examples) by extensions ['ignore', 'ignore_ament_install']
[1.268s] Level 1:colcon.colcon_core.package_identification:_identify(depthai-ros/depthai_examples) by extension 'ignore'
[1.268s] Level 1:colcon.colcon_core.package_identification:_identify(depthai-ros/depthai_examples) by extension 'ignore_ament_install'
[1.268s] Level 1:colcon.colcon_core.package_identification:_identify(depthai-ros/depthai_examples) by extensions ['colcon_pkg']
[1.268s] Level 1:colcon.colcon_core.package_identification:_identify(depthai-ros/depthai_examples) by extension 'colcon_pkg'
[1.268s] Level 1:colcon.colcon_core.package_identification:_identify(depthai-ros/depthai_examples) by extensions ['colcon_meta']
[1.268s] Level 1:colcon.colcon_core.package_identification:_identify(depthai-ros/depthai_examples) by extension 'colcon_meta'
[1.268s] Level 1:colcon.colcon_core.package_identification:_identify(depthai-ros/depthai_examples) by extensions ['ros']
[1.268s] Level 1:colcon.colcon_core.package_identification:_identify(depthai-ros/depthai_examples) by extension 'ros'
[1.270s] DEBUG:colcon.colcon_core.package_identification:Package 'depthai-ros/depthai_examples' with type 'ros.ament_cmake' and name 'depthai_examples'
[1.270s] Level 1:colcon.colcon_core.package_identification:_identify(depthai-ros/depthai_filters) by extensions ['ignore', 'ignore_ament_install']
[1.270s] Level 1:colcon.colcon_core.package_identification:_identify(depthai-ros/depthai_filters) by extension 'ignore'
[1.270s] Level 1:colcon.colcon_core.package_identification:_identify(depthai-ros/depthai_filters) by extension 'ignore_ament_install'
[1.270s] Level 1:colcon.colcon_core.package_identification:_identify(depthai-ros/depthai_filters) by extensions ['colcon_pkg']
[1.270s] Level 1:colcon.colcon_core.package_identification:_identify(depthai-ros/depthai_filters) by extension 'colcon_pkg'
[1.270s] Level 1:colcon.colcon_core.package_identification:_identify(depthai-ros/depthai_filters) by extensions ['colcon_meta']
[1.270s] Level 1:colcon.colcon_core.package_identification:_identify(depthai-ros/depthai_filters) by extension 'colcon_meta'
[1.270s] Level 1:colcon.colcon_core.package_identification:_identify(depthai-ros/depthai_filters) by extensions ['ros']
[1.270s] Level 1:colcon.colcon_core.package_identification:_identify(depthai-ros/depthai_filters) by extension 'ros'
[1.271s] DEBUG:colcon.colcon_core.package_identification:Package 'depthai-ros/depthai_filters' with type 'ros.ament_cmake' and name 'depthai_filters'
[1.271s] Level 1:colcon.colcon_core.package_identification:_identify(depthai-ros/depthai_ros_driver) by extensions ['ignore', 'ignore_ament_install']
[1.271s] Level 1:colcon.colcon_core.package_identification:_identify(depthai-ros/depthai_ros_driver) by extension 'ignore'
[1.271s] Level 1:colcon.colcon_core.package_identification:_identify(depthai-ros/depthai_ros_driver) by extension 'ignore_ament_install'
[1.271s] Level 1:colcon.colcon_core.package_identification:_identify(depthai-ros/depthai_ros_driver) by extensions ['colcon_pkg']
[1.271s] Level 1:colcon.colcon_core.package_identification:_identify(depthai-ros/depthai_ros_driver) by extension 'colcon_pkg'
[1.271s] Level 1:colcon.colcon_core.package_identification:_identify(depthai-ros/depthai_ros_driver) by extensions ['colcon_meta']
[1.271s] Level 1:colcon.colcon_core.package_identification:_identify(depthai-ros/depthai_ros_driver) by extension 'colcon_meta'
[1.271s] Level 1:colcon.colcon_core.package_identification:_identify(depthai-ros/depthai_ros_driver) by extensions ['ros']
[1.271s] Level 1:colcon.colcon_core.package_identification:_identify(depthai-ros/depthai_ros_driver) by extension 'ros'
[1.273s] DEBUG:colcon.colcon_core.package_identification:Package 'depthai-ros/depthai_ros_driver' with type 'ros.ament_cmake' and name 'depthai_ros_driver'
[1.273s] Level 1:colcon.colcon_core.package_identification:_identify(depthai-ros/depthai_ros_msgs) by extensions ['ignore', 'ignore_ament_install']
[1.273s] Level 1:colcon.colcon_core.package_identification:_identify(depthai-ros/depthai_ros_msgs) by extension 'ignore'
[1.273s] Level 1:colcon.colcon_core.package_identification:_identify(depthai-ros/depthai_ros_msgs) by extension 'ignore_ament_install'
[1.273s] Level 1:colcon.colcon_core.package_identification:_identify(depthai-ros/depthai_ros_msgs) by extensions ['colcon_pkg']
[1.273s] Level 1:colcon.colcon_core.package_identification:_identify(depthai-ros/depthai_ros_msgs) by extension 'colcon_pkg'
[1.273s] Level 1:colcon.colcon_core.package_identification:_identify(depthai-ros/depthai_ros_msgs) by extensions ['colcon_meta']
[1.273s] Level 1:colcon.colcon_core.package_identification:_identify(depthai-ros/depthai_ros_msgs) by extension 'colcon_meta'
[1.273s] Level 1:colcon.colcon_core.package_identification:_identify(depthai-ros/depthai_ros_msgs) by extensions ['ros']
[1.273s] Level 1:colcon.colcon_core.package_identification:_identify(depthai-ros/depthai_ros_msgs) by extension 'ros'
[1.274s] DEBUG:colcon.colcon_core.package_identification:Package 'depthai-ros/depthai_ros_msgs' with type 'ros.ament_cmake' and name 'depthai_ros_msgs'
[1.274s] Level 1:colcon.colcon_core.package_identification:_identify(depthai-ros/docs) by extensions ['ignore', 'ignore_ament_install']
[1.274s] Level 1:colcon.colcon_core.package_identification:_identify(depthai-ros/docs) by extension 'ignore'
[1.274s] Level 1:colcon.colcon_core.package_identification:_identify(depthai-ros/docs) by extension 'ignore_ament_install'
[1.274s] Level 1:colcon.colcon_core.package_identification:_identify(depthai-ros/docs) by extensions ['colcon_pkg']
[1.274s] Level 1:colcon.colcon_core.package_identification:_identify(depthai-ros/docs) by extension 'colcon_pkg'
[1.274s] Level 1:colcon.colcon_core.package_identification:_identify(depthai-ros/docs) by extensions ['colcon_meta']
[1.274s] Level 1:colcon.colcon_core.package_identification:_identify(depthai-ros/docs) by extension 'colcon_meta'
[1.274s] Level 1:colcon.colcon_core.package_identification:_identify(depthai-ros/docs) by extensions ['ros']
[1.274s] Level 1:colcon.colcon_core.package_identification:_identify(depthai-ros/docs) by extension 'ros'
[1.274s] Level 1:colcon.colcon_core.package_identification:_identify(depthai-ros/docs) by extensions ['cmake', 'python']
[1.275s] Level 1:colcon.colcon_core.package_identification:_identify(depthai-ros/docs) by extension 'cmake'
[1.275s] Level 1:colcon.colcon_core.package_identification:_identify(depthai-ros/docs) by extension 'python'
[1.275s] Level 1:colcon.colcon_core.package_identification:_identify(depthai-ros/docs) by extensions ['python_setup_py']
[1.275s] Level 1:colcon.colcon_core.package_identification:_identify(depthai-ros/docs) by extension 'python_setup_py'
[1.275s] Level 1:colcon.colcon_core.package_identification:_identify(examples) by extensions ['ignore', 'ignore_ament_install']
[1.275s] Level 1:colcon.colcon_core.package_identification:_identify(examples) by extension 'ignore'
[1.275s] Level 1:colcon.colcon_core.package_identification:_identify(examples) ignored
[1.275s] Level 1:colcon.colcon_core.package_identification:_identify(install) by extensions ['ignore', 'ignore_ament_install']
[1.275s] Level 1:colcon.colcon_core.package_identification:_identify(install) by extension 'ignore'
[1.275s] Level 1:colcon.colcon_core.package_identification:_identify(install) ignored
[1.275s] Level 1:colcon.colcon_core.package_identification:_identify(log) by extensions ['ignore', 'ignore_ament_install']
[1.275s] Level 1:colcon.colcon_core.package_identification:_identify(log) by extension 'ignore'
[1.275s] Level 1:colcon.colcon_core.package_identification:_identify(log) ignored
[1.275s] Level 1:colcon.colcon_core.package_identification:_identify(py_ard) by extensions ['ignore', 'ignore_ament_install']
[1.275s] Level 1:colcon.colcon_core.package_identification:_identify(py_ard) by extension 'ignore'
[1.275s] Level 1:colcon.colcon_core.package_identification:_identify(py_ard) by extension 'ignore_ament_install'
[1.275s] Level 1:colcon.colcon_core.package_identification:_identify(py_ard) by extensions ['colcon_pkg']
[1.275s] Level 1:colcon.colcon_core.package_identification:_identify(py_ard) by extension 'colcon_pkg'
[1.276s] Level 1:colcon.colcon_core.package_identification:_identify(py_ard) by extensions ['colcon_meta']
[1.276s] Level 1:colcon.colcon_core.package_identification:_identify(py_ard) by extension 'colcon_meta'
[1.276s] Level 1:colcon.colcon_core.package_identification:_identify(py_ard) by extensions ['ros']
[1.276s] Level 1:colcon.colcon_core.package_identification:_identify(py_ard) by extension 'ros'
[1.276s] DEBUG:colcon.colcon_core.package_identification:Package 'py_ard' with type 'ros.ament_python' and name 'py_ard'
[1.276s] Level 1:colcon.colcon_core.package_identification:_identify(teleop_twist_joy) by extensions ['ignore', 'ignore_ament_install']
[1.276s] Level 1:colcon.colcon_core.package_identification:_identify(teleop_twist_joy) by extension 'ignore'
[1.276s] Level 1:colcon.colcon_core.package_identification:_identify(teleop_twist_joy) by extension 'ignore_ament_install'
[1.276s] Level 1:colcon.colcon_core.package_identification:_identify(teleop_twist_joy) by extensions ['colcon_pkg']
[1.276s] Level 1:colcon.colcon_core.package_identification:_identify(teleop_twist_joy) by extension 'colcon_pkg'
[1.276s] Level 1:colcon.colcon_core.package_identification:_identify(teleop_twist_joy) by extensions ['colcon_meta']
[1.276s] Level 1:colcon.colcon_core.package_identification:_identify(teleop_twist_joy) by extension 'colcon_meta'
[1.276s] Level 1:colcon.colcon_core.package_identification:_identify(teleop_twist_joy) by extensions ['ros']
[1.276s] Level 1:colcon.colcon_core.package_identification:_identify(teleop_twist_joy) by extension 'ros'
[1.277s] DEBUG:colcon.colcon_core.package_identification:Package 'teleop_twist_joy' with type 'ros.ament_cmake' and name 'teleop_twist_joy'
[1.277s] Level 1:colcon.colcon_core.package_discovery:discover_packages(recursive) using defaults
[1.277s] Level 1:colcon.colcon_core.package_discovery:discover_packages(ignore) discover
[1.277s] Level 1:colcon.colcon_core.package_discovery:discover_packages(ignore) using defaults
[1.277s] Level 1:colcon.colcon_core.package_discovery:discover_packages(path) discover
[1.277s] Level 1:colcon.colcon_core.package_discovery:discover_packages(path) using defaults
[1.337s] INFO:colcon.colcon_core.package_selection:Skipping not selected package 'LARI_urdf' in 'LARI_urdf'
[1.337s] INFO:colcon.colcon_core.package_selection:Skipping not selected package 'depthai_descriptions' in 'depthai-ros/depthai_descriptions'
[1.337s] INFO:colcon.colcon_core.package_selection:Skipping not selected package 'depthai_ros_msgs' in 'depthai-ros/depthai_ros_msgs'
[1.337s] INFO:colcon.colcon_core.package_selection:Skipping not selected package 'teleop_twist_joy' in 'teleop_twist_joy'
[1.337s] INFO:colcon.colcon_core.package_selection:Skipping not selected package 'depthai_bridge' in 'depthai-ros/depthai_bridge'
[1.337s] INFO:colcon.colcon_core.package_selection:Skipping not selected package 'depthai_filters' in 'depthai-ros/depthai_filters'
[1.337s] INFO:colcon.colcon_core.package_selection:Skipping not selected package 'depthai_examples' in 'depthai-ros/depthai_examples'
[1.337s] INFO:colcon.colcon_core.package_selection:Skipping not selected package 'depthai_ros_driver' in 'depthai-ros/depthai_ros_driver'
[1.337s] INFO:colcon.colcon_core.package_selection:Skipping not selected package 'depthai-ros' in 'depthai-ros/depthai-ros'
[1.397s] Level 1:colcon.colcon_core.package_discovery:discover_packages(prefix_path) check parameters
[1.397s] Level 1:colcon.colcon_core.package_discovery:discover_packages(prefix_path) discover
[1.453s] DEBUG:colcon.colcon_installed_package_information.package_discovery:Found 10 installed packages in /home/hay-laptop/ros2_ws/install
[1.471s] DEBUG:colcon.colcon_installed_package_information.package_discovery:Found 426 installed packages in /opt/ros/humble
[1.479s] Level 1:colcon.colcon_core.package_discovery:discover_packages(prefix_path) using defaults
[1.944s] Level 5:colcon.colcon_core.verb:set package 'py_ard' build argument 'cmake_args' from command line to 'None'
[1.944s] Level 5:colcon.colcon_core.verb:set package 'py_ard' build argument 'cmake_target' from command line to 'None'
[1.944s] Level 5:colcon.colcon_core.verb:set package 'py_ard' build argument 'cmake_target_skip_unavailable' from command line to 'False'
[1.944s] Level 5:colcon.colcon_core.verb:set package 'py_ard' build argument 'cmake_clean_cache' from command line to 'False'
[1.944s] Level 5:colcon.colcon_core.verb:set package 'py_ard' build argument 'cmake_clean_first' from command line to 'False'
[1.944s] Level 5:colcon.colcon_core.verb:set package 'py_ard' build argument 'cmake_force_configure' from command line to 'False'
[1.944s] Level 5:colcon.colcon_core.verb:set package 'py_ard' build argument 'ament_cmake_args' from command line to 'None'
[1.944s] Level 5:colcon.colcon_core.verb:set package 'py_ard' build argument 'catkin_cmake_args' from command line to 'None'
[1.944s] Level 5:colcon.colcon_core.verb:set package 'py_ard' build argument 'catkin_skip_building_tests' from command line to 'False'
[1.944s] DEBUG:colcon.colcon_core.verb:Building package 'py_ard' with the following arguments: {'ament_cmake_args': None, 'build_base': '/home/hay-laptop/ros2_ws/src/build/py_ard', 'catkin_cmake_args': None, 'catkin_skip_building_tests': False, 'cmake_args': None, 'cmake_clean_cache': False, 'cmake_clean_first': False, 'cmake_force_configure': False, 'cmake_target': None, 'cmake_target_skip_unavailable': False, 'install_base': '/home/hay-laptop/ros2_ws/src/install/py_ard', 'merge_install': False, 'path': '/home/hay-laptop/ros2_ws/src/py_ard', 'symlink_install': False, 'test_result_base': None}
[1.958s] INFO:colcon.colcon_core.executor:Executing jobs using 'parallel' executor
[1.972s] DEBUG:colcon.colcon_parallel_executor.executor.parallel:run_until_complete
[1.973s] INFO:colcon.colcon_ros.task.ament_python.build:Building ROS package in '/home/hay-laptop/ros2_ws/src/py_ard' with build type 'ament_python'
[1.973s] Level 1:colcon.colcon_core.shell:create_environment_hook('py_ard', 'ament_prefix_path')
[1.991s] INFO:colcon.colcon_core.plugin_system:Skipping extension 'colcon_core.shell.bat': Not used on non-Windows systems
[1.991s] INFO:colcon.colcon_core.shell:Creating environment hook '/home/hay-laptop/ros2_ws/src/install/py_ard/share/py_ard/hook/ament_prefix_path.ps1'
[2.079s] INFO:colcon.colcon_core.shell:Creating environment descriptor '/home/hay-laptop/ros2_ws/src/install/py_ard/share/py_ard/hook/ament_prefix_path.dsv'
[2.098s] INFO:colcon.colcon_core.shell:Creating environment hook '/home/hay-laptop/ros2_ws/src/install/py_ard/share/py_ard/hook/ament_prefix_path.sh'
[2.178s] INFO:colcon.colcon_core.shell:Skip shell extension 'powershell' for command environment: Not usable outside of PowerShell
[2.178s] DEBUG:colcon.colcon_core.shell:Skip shell extension 'dsv' for command environment
[2.550s] INFO:colcon.colcon_core.task.python.build:Building Python package in '/home/hay-laptop/ros2_ws/src/py_ard'
[2.565s] INFO:colcon.colcon_core.shell:Skip shell extension 'powershell' for command environment: Not usable outside of PowerShell
[2.565s] DEBUG:colcon.colcon_core.shell:Skip shell extension 'dsv' for command environment
[3.641s] DEBUG:colcon.colcon_core.event_handler.log_command:Invoking command in '/home/hay-laptop/ros2_ws/src/py_ard': PYTHONPATH=/home/hay-laptop/ros2_ws/src/build/py_ard/prefix_override:/home/hay-laptop/ros2_ws/src/install/py_ard/lib/python3.10/site-packages:${PYTHONPATH} /usr/bin/python3 setup.py egg_info --egg-base ../build/py_ard build --build-base /home/hay-laptop/ros2_ws/src/build/py_ard/build install --record /home/hay-laptop/ros2_ws/src/build/py_ard/install.log --single-version-externally-managed
[4.044s] DEBUG:colcon.colcon_core.event_handler.log_command:Invoked command in '/home/hay-laptop/ros2_ws/src/py_ard' returned '0': PYTHONPATH=/home/hay-laptop/ros2_ws/src/build/py_ard/prefix_override:/home/hay-laptop/ros2_ws/src/install/py_ard/lib/python3.10/site-packages:${PYTHONPATH} /usr/bin/python3 setup.py egg_info --egg-base ../build/py_ard build --build-base /home/hay-laptop/ros2_ws/src/build/py_ard/build install --record /home/hay-laptop/ros2_ws/src/build/py_ard/install.log --single-version-externally-managed
[4.083s] Level 1:colcon.colcon_core.environment:checking '/home/hay-laptop/ros2_ws/src/install/py_ard' for CMake module files
[4.083s] Level 1:colcon.colcon_core.environment:checking '/home/hay-laptop/ros2_ws/src/install/py_ard' for CMake config files
[4.084s] Level 1:colcon.colcon_core.environment:checking '/home/hay-laptop/ros2_ws/src/install/py_ard/lib'
[4.084s] Level 1:colcon.colcon_core.environment:checking '/home/hay-laptop/ros2_ws/src/install/py_ard/bin'
[4.084s] Level 1:colcon.colcon_core.environment:checking '/home/hay-laptop/ros2_ws/src/install/py_ard/lib/pkgconfig/py_ard.pc'
[4.084s] Level 1:colcon.colcon_core.environment:checking '/home/hay-laptop/ros2_ws/src/install/py_ard/lib/python3.10/site-packages'
[4.084s] Level 1:colcon.colcon_core.shell:create_environment_hook('py_ard', 'pythonpath')
[4.098s] INFO:colcon.colcon_core.shell:Creating environment hook '/home/hay-laptop/ros2_ws/src/install/py_ard/share/py_ard/hook/pythonpath.ps1'
[4.099s] INFO:colcon.colcon_core.shell:Creating environment descriptor '/home/hay-laptop/ros2_ws/src/install/py_ard/share/py_ard/hook/pythonpath.dsv'
[4.099s] INFO:colcon.colcon_core.shell:Creating environment hook '/home/hay-laptop/ros2_ws/src/install/py_ard/share/py_ard/hook/pythonpath.sh'
[4.099s] Level 1:colcon.colcon_core.environment:checking '/home/hay-laptop/ros2_ws/src/install/py_ard/bin'
[4.099s] Level 1:colcon.colcon_core.environment:create_environment_scripts_only(py_ard)
[4.113s] INFO:colcon.colcon_core.shell:Creating package script '/home/hay-laptop/ros2_ws/src/install/py_ard/share/py_ard/package.ps1'
[4.114s] INFO:colcon.colcon_core.shell:Creating package descriptor '/home/hay-laptop/ros2_ws/src/install/py_ard/share/py_ard/package.dsv'
[4.115s] INFO:colcon.colcon_core.shell:Creating package script '/home/hay-laptop/ros2_ws/src/install/py_ard/share/py_ard/package.sh'
[4.116s] INFO:colcon.colcon_core.shell:Creating package script '/home/hay-laptop/ros2_ws/src/install/py_ard/share/py_ard/package.bash'
[4.136s] INFO:colcon.colcon_core.shell:Creating package script '/home/hay-laptop/ros2_ws/src/install/py_ard/share/py_ard/package.zsh'
[4.158s] Level 1:colcon.colcon_core.environment:create_file_with_runtime_dependencies(/home/hay-laptop/ros2_ws/src/install/py_ard/share/colcon-core/packages/py_ard)
[4.159s] DEBUG:colcon.colcon_parallel_executor.executor.parallel:closing loop
[4.159s] DEBUG:colcon.colcon_parallel_executor.executor.parallel:loop closed
[4.159s] DEBUG:colcon.colcon_parallel_executor.executor.parallel:run_until_complete finished with '0'
[4.159s] DEBUG:colcon.colcon_core.event_reactor:joining thread
[4.180s] INFO:colcon.colcon_core.plugin_system:Skipping extension 'colcon_notification.desktop_notification.terminal_notifier': Not used on non-Darwin systems
[4.181s] INFO:colcon.colcon_core.plugin_system:Skipping extension 'colcon_notification.desktop_notification.win32': Not used on non-Windows systems
[4.181s] INFO:colcon.colcon_notification.desktop_notification:Sending desktop notification using 'notify2'
[4.193s] DEBUG:colcon.colcon_core.event_reactor:joined thread
[4.209s] INFO:colcon.colcon_core.shell:Creating prefix script '/home/hay-laptop/ros2_ws/src/install/local_setup.ps1'
[4.217s] INFO:colcon.colcon_core.shell:Creating prefix util module '/home/hay-laptop/ros2_ws/src/install/_local_setup_util_ps1.py'
[4.219s] INFO:colcon.colcon_core.shell:Creating prefix chain script '/home/hay-laptop/ros2_ws/src/install/setup.ps1'
[4.235s] INFO:colcon.colcon_core.shell:Creating prefix script '/home/hay-laptop/ros2_ws/src/install/local_setup.sh'
[4.236s] INFO:colcon.colcon_core.shell:Creating prefix util module '/home/hay-laptop/ros2_ws/src/install/_local_setup_util_sh.py'
[4.236s] INFO:colcon.colcon_core.shell:Creating prefix chain script '/home/hay-laptop/ros2_ws/src/install/setup.sh'
[4.252s] INFO:colcon.colcon_core.shell:Creating prefix script '/home/hay-laptop/ros2_ws/src/install/local_setup.bash'
[4.253s] INFO:colcon.colcon_core.shell:Creating prefix chain script '/home/hay-laptop/ros2_ws/src/install/setup.bash'
[4.269s] INFO:colcon.colcon_core.shell:Creating prefix script '/home/hay-laptop/ros2_ws/src/install/local_setup.zsh'
[4.269s] INFO:colcon.colcon_core.shell:Creating prefix chain script '/home/hay-laptop/ros2_ws/src/install/setup.zsh'
