running egg_info
creating ../build/py_ard/py_ard.egg-info
writing ../build/py_ard/py_ard.egg-info/PKG-INFO
writing dependency_links to ../build/py_ard/py_ard.egg-info/dependency_links.txt
writing entry points to ../build/py_ard/py_ard.egg-info/entry_points.txt
writing requirements to ../build/py_ard/py_ard.egg-info/requires.txt
writing top-level names to ../build/py_ard/py_ard.egg-info/top_level.txt
writing manifest file '../build/py_ard/py_ard.egg-info/SOURCES.txt'
reading manifest file '../build/py_ard/py_ard.egg-info/SOURCES.txt'
writing manifest file '../build/py_ard/py_ard.egg-info/SOURCES.txt'
running build
running build_py
creating /home/hay-laptop/ros2_ws/src/build/py_ard/build
creating /home/hay-laptop/ros2_ws/src/build/py_ard/build/lib
creating /home/hay-laptop/ros2_ws/src/build/py_ard/build/lib/py_ard
copying py_ard/comms.py -> /home/hay-laptop/ros2_ws/src/build/py_ard/build/lib/py_ard
copying py_ard/__init__.py -> /home/hay-laptop/ros2_ws/src/build/py_ard/build/lib/py_ard
running install
/usr/lib/python3/dist-packages/setuptools/command/install.py:34: SetuptoolsDeprecationWarning: setup.py install is deprecated. Use build and pip and other standards-based tools.
  warnings.warn(
running install_lib
creating /home/hay-laptop/ros2_ws/src/install/py_ard/lib/python3.10/site-packages/py_ard
copying /home/hay-laptop/ros2_ws/src/build/py_ard/build/lib/py_ard/comms.py -> /home/hay-laptop/ros2_ws/src/install/py_ard/lib/python3.10/site-packages/py_ard
copying /home/hay-laptop/ros2_ws/src/build/py_ard/build/lib/py_ard/__init__.py -> /home/hay-laptop/ros2_ws/src/install/py_ard/lib/python3.10/site-packages/py_ard
byte-compiling /home/hay-laptop/ros2_ws/src/install/py_ard/lib/python3.10/site-packages/py_ard/comms.py to comms.cpython-310.pyc
byte-compiling /home/hay-laptop/ros2_ws/src/install/py_ard/lib/python3.10/site-packages/py_ard/__init__.py to __init__.cpython-310.pyc
running install_data
creating /home/hay-laptop/ros2_ws/src/install/py_ard/share/ament_index
creating /home/hay-laptop/ros2_ws/src/install/py_ard/share/ament_index/resource_index
creating /home/hay-laptop/ros2_ws/src/install/py_ard/share/ament_index/resource_index/packages
copying resource/py_ard -> /home/hay-laptop/ros2_ws/src/install/py_ard/share/ament_index/resource_index/packages
copying package.xml -> /home/hay-laptop/ros2_ws/src/install/py_ard/share/py_ard
running install_egg_info
Copying ../build/py_ard/py_ard.egg-info to /home/hay-laptop/ros2_ws/src/install/py_ard/lib/python3.10/site-packages/py_ard-0.0.0-py3.10.egg-info
running install_scripts
Installing py_ard script to /home/hay-laptop/ros2_ws/src/install/py_ard/lib/py_ard
writing list of installed files to '/home/hay-laptop/ros2_ws/src/build/py_ard/install.log'
